[10/Dec/2023 13:53:41] INFO [etienda.views:133] Page for logging action
[10/Dec/2023 13:53:48] INFO [etienda.views:139] Checking if a user is in DB
[10/Dec/2023 13:54:14] INFO [etienda.views:58] Products of the category electronics
[10/Dec/2023 13:54:40] INFO [etienda.models:261] Data got successfully
[10/Dec/2023 13:54:40] INFO [etienda.models:349] {'nombre': 'SanDisk SSD PLUS 1TB Internal SSD - SATA III 6 Gb/s', 'precio': 109.0, 'descripción': 'Easy upgrade for faster boot up, shutdown, application load and response (As compared to 5400 RPM SATA 2.5” hard drive; Based on published specifications and internal benchmarking tests using PCMark vantage scores) Boosts burst write performance, making it ideal for typical PC workloads The perfect balance of performance and reliability Read/write speeds of up to 535MB/s/450MB/s (Based on internal testing; Performance may vary depending upon drive capacity, host device, OS and application.)', 'categoría': 'electronics', 'imágen': 'imagenes/61U7T1koQqL._AC_SX679_.jpg', 'rating': {'rate': 2.910464135021097, 'count': 474}, 'id': '6546888a9b046838645f3865'}
[10/Dec/2023 13:54:40] INFO [etienda.models:360] La calificación nueva es 2.914863157894737 y los votos ya son 475
[10/Dec/2023 13:54:42] INFO [etienda.models:261] Data got successfully
[10/Dec/2023 13:54:42] INFO [etienda.models:349] {'nombre': 'SanDisk SSD PLUS 1TB Internal SSD - SATA III 6 Gb/s', 'precio': 109.0, 'descripción': 'Easy upgrade for faster boot up, shutdown, application load and response (As compared to 5400 RPM SATA 2.5” hard drive; Based on published specifications and internal benchmarking tests using PCMark vantage scores) Boosts burst write performance, making it ideal for typical PC workloads The perfect balance of performance and reliability Read/write speeds of up to 535MB/s/450MB/s (Based on internal testing; Performance may vary depending upon drive capacity, host device, OS and application.)', 'categoría': 'electronics', 'imágen': 'imagenes/61U7T1koQqL._AC_SX679_.jpg', 'rating': {'rate': 2.914863157894737, 'count': 475}, 'id': '6546888a9b046838645f3865'}
[10/Dec/2023 13:54:42] INFO [etienda.models:360] La calificación nueva es 2.9192436974789913 y los votos ya son 476
[10/Dec/2023 13:54:43] INFO [etienda.models:261] Data got successfully
[10/Dec/2023 13:54:43] INFO [etienda.models:349] {'nombre': 'SanDisk SSD PLUS 1TB Internal SSD - SATA III 6 Gb/s', 'precio': 109.0, 'descripción': 'Easy upgrade for faster boot up, shutdown, application load and response (As compared to 5400 RPM SATA 2.5” hard drive; Based on published specifications and internal benchmarking tests using PCMark vantage scores) Boosts burst write performance, making it ideal for typical PC workloads The perfect balance of performance and reliability Read/write speeds of up to 535MB/s/450MB/s (Based on internal testing; Performance may vary depending upon drive capacity, host device, OS and application.)', 'categoría': 'electronics', 'imágen': 'imagenes/61U7T1koQqL._AC_SX679_.jpg', 'rating': {'rate': 2.9192436974789913, 'count': 476}, 'id': '6546888a9b046838645f3865'}
[10/Dec/2023 13:54:43] INFO [etienda.models:360] La calificación nueva es 2.9236058700209644 y los votos ya son 477
[10/Dec/2023 13:54:44] INFO [etienda.models:261] Data got successfully
[10/Dec/2023 13:54:44] INFO [etienda.models:349] {'nombre': 'SanDisk SSD PLUS 1TB Internal SSD - SATA III 6 Gb/s', 'precio': 109.0, 'descripción': 'Easy upgrade for faster boot up, shutdown, application load and response (As compared to 5400 RPM SATA 2.5” hard drive; Based on published specifications and internal benchmarking tests using PCMark vantage scores) Boosts burst write performance, making it ideal for typical PC workloads The perfect balance of performance and reliability Read/write speeds of up to 535MB/s/450MB/s (Based on internal testing; Performance may vary depending upon drive capacity, host device, OS and application.)', 'categoría': 'electronics', 'imágen': 'imagenes/61U7T1koQqL._AC_SX679_.jpg', 'rating': {'rate': 2.9236058700209644, 'count': 477}, 'id': '6546888a9b046838645f3865'}
[10/Dec/2023 13:54:44] INFO [etienda.models:360] La calificación nueva es 2.9279497907949787 y los votos ya son 478
[10/Dec/2023 13:54:48] INFO [etienda.models:261] Data got successfully
[10/Dec/2023 13:54:48] INFO [etienda.models:349] {'nombre': 'SanDisk SSD PLUS 1TB Internal SSD - SATA III 6 Gb/s', 'precio': 109.0, 'descripción': 'Easy upgrade for faster boot up, shutdown, application load and response (As compared to 5400 RPM SATA 2.5” hard drive; Based on published specifications and internal benchmarking tests using PCMark vantage scores) Boosts burst write performance, making it ideal for typical PC workloads The perfect balance of performance and reliability Read/write speeds of up to 535MB/s/450MB/s (Based on internal testing; Performance may vary depending upon drive capacity, host device, OS and application.)', 'categoría': 'electronics', 'imágen': 'imagenes/61U7T1koQqL._AC_SX679_.jpg', 'rating': {'rate': 2.9279497907949787, 'count': 478}, 'id': '6546888a9b046838645f3865'}
[10/Dec/2023 13:54:48] INFO [etienda.models:360] La calificación nueva es 2.9239248434237997 y los votos ya son 479
[10/Dec/2023 13:54:51] INFO [etienda.models:261] Data got successfully
[10/Dec/2023 13:54:51] INFO [etienda.models:349] {'nombre': 'SanDisk SSD PLUS 1TB Internal SSD - SATA III 6 Gb/s', 'precio': 109.0, 'descripción': 'Easy upgrade for faster boot up, shutdown, application load and response (As compared to 5400 RPM SATA 2.5” hard drive; Based on published specifications and internal benchmarking tests using PCMark vantage scores) Boosts burst write performance, making it ideal for typical PC workloads The perfect balance of performance and reliability Read/write speeds of up to 535MB/s/450MB/s (Based on internal testing; Performance may vary depending upon drive capacity, host device, OS and application.)', 'categoría': 'electronics', 'imágen': 'imagenes/61U7T1koQqL._AC_SX679_.jpg', 'rating': {'rate': 2.9239248434237997, 'count': 479}, 'id': '6546888a9b046838645f3865'}
[10/Dec/2023 13:54:51] INFO [etienda.models:360] La calificación nueva es 2.9240833333333334 y los votos ya son 480
